@!@!@STARTMSG 2262:0 @!@!@
TLC2 Version 2.03 of 26 May 2010
@!@!@ENDMSG 2262 @!@!@
@!@!@STARTMSG 2187:0 @!@!@
Running in Model-Checking mode.
@!@!@ENDMSG 2187 @!@!@
@!@!@STARTMSG 2220:0 @!@!@
Starting SANY...
@!@!@ENDMSG 2220 @!@!@
Parsing file MC.tla
Parsing file QueensPluscal.tla
Parsing file /Applications/TLA+ toolbox/plugins/org.lamport.tla.toolbox_1.0.0/StandardModules/TLC.tla
Parsing file /Applications/TLA+ toolbox/plugins/org.lamport.tla.toolbox_1.0.0/StandardModules/Naturals.tla
Parsing file /Applications/TLA+ toolbox/plugins/org.lamport.tla.toolbox_1.0.0/StandardModules/Sequences.tla
Semantic processing of module Naturals
Semantic processing of module Sequences
Semantic processing of module QueensPluscal
Semantic processing of module TLC
Semantic processing of module MC
@!@!@STARTMSG 2219:0 @!@!@
SANY finished.
@!@!@ENDMSG 2219 @!@!@
@!@!@STARTMSG 2185:0 @!@!@
Starting... (2010-12-18 18:57:42)
@!@!@ENDMSG 2185 @!@!@
@!@!@STARTMSG 2212:0 @!@!@
Implied-temporal checking--satisfiability problem has 1 branches.
@!@!@ENDMSG 2212 @!@!@
@!@!@STARTMSG 2189:0 @!@!@
Computing initial states...
@!@!@ENDMSG 2189 @!@!@
@!@!@STARTMSG 2190:0 @!@!@
Finished computing initial states: 1 distinct state generated.
@!@!@ENDMSG 2190 @!@!@
@!@!@STARTMSG 2192:0 @!@!@
Checking temporal properties for the complete state space...
@!@!@ENDMSG 2192 @!@!@
@!@!@STARTMSG 2193:0 @!@!@
Model checking completed. No error has been found.
  Estimates of the probability that TLC did not check all reachable states
  because two distinct states had the same fingerprint:
  calculated (optimistic):  val = 9.3E-14
  based on the actual fingerprints:  val = 2.9E-14
@!@!@ENDMSG 2193 @!@!@
@!@!@STARTMSG 2201:0 @!@!@
The coverage statistics at 2010-12-18 18:57:44
@!@!@ENDMSG 2201 @!@!@
@!@!@STARTMSG 2221:0 @!@!@
  line 71, col 12 to line 71, col 15 of module QueensPlusCal: 1
@!@!@ENDMSG 2221 @!@!@
@!@!@STARTMSG 2221:0 @!@!@
  line 71, col 18 to line 71, col 21 of module QueensPlusCal: 1
@!@!@ENDMSG 2221 @!@!@
@!@!@STARTMSG 2221:0 @!@!@
  line 71, col 24 to line 71, col 25 of module QueensPlusCal: 1
@!@!@ENDMSG 2221 @!@!@
@!@!@STARTMSG 2221:0 @!@!@
  line 86, col 42 to line 86, col 64 of module QueensPlusCal: 840
@!@!@ENDMSG 2221 @!@!@
@!@!@STARTMSG 2221:0 @!@!@
  line 87, col 42 to line 87, col 67 of module QueensPlusCal: 840
@!@!@ENDMSG 2221 @!@!@
@!@!@STARTMSG 2221:0 @!@!@
  line 88, col 42 to line 88, col 80 of module QueensPlusCal: 2129
@!@!@ENDMSG 2221 @!@!@
@!@!@STARTMSG 2221:0 @!@!@
  line 89, col 52 to line 89, col 55 of module QueensPlusCal: 2129
@!@!@ENDMSG 2221 @!@!@
@!@!@STARTMSG 2221:0 @!@!@
  line 90, col 23 to line 90, col 34 of module QueensPlusCal: 2969
@!@!@ENDMSG 2221 @!@!@
@!@!@STARTMSG 2221:0 @!@!@
  line 91, col 23 to line 91, col 34 of module QueensPlusCal: 1
@!@!@ENDMSG 2221 @!@!@
@!@!@STARTMSG 2221:0 @!@!@
  line 92, col 36 to line 92, col 39 of module QueensPlusCal: 1
@!@!@ENDMSG 2221 @!@!@
@!@!@STARTMSG 2221:0 @!@!@
  line 92, col 42 to line 92, col 45 of module QueensPlusCal: 1
@!@!@ENDMSG 2221 @!@!@
@!@!@STARTMSG 2202:0 @!@!@
End of statistics.
@!@!@ENDMSG 2202 @!@!@
@!@!@STARTMSG 2200:0 @!@!@
Progress(17) at 2010-12-18 18:57:44: 2972 states generated, 786 distinct states found, 0 states left on queue.
@!@!@ENDMSG 2200 @!@!@
@!@!@STARTMSG 2199:0 @!@!@
2972 states generated, 786 distinct states found, 0 states left on queue.
@!@!@ENDMSG 2199 @!@!@
@!@!@STARTMSG 2194:0 @!@!@
The depth of the complete state graph search is 17.
@!@!@ENDMSG 2194 @!@!@
@!@!@STARTMSG 2186:0 @!@!@
Finished. (2010-12-18 18:57:44)
@!@!@ENDMSG 2186 @!@!@
