@!@!@STARTMSG 2262:0 @!@!@
TLC2 Version 2.03 of 20 July 2011
@!@!@ENDMSG 2262 @!@!@
@!@!@STARTMSG 2187:0 @!@!@
Running in Model-Checking mode.
@!@!@ENDMSG 2187 @!@!@
@!@!@STARTMSG 2220:0 @!@!@
Starting SANY...
@!@!@ENDMSG 2220 @!@!@
Parsing file MC.tla
Parsing file CarTalkPuzzle.tla
Parsing file C:\lamport\tla\newtools\tla2-inria-workspace\tla2-inria\tlatools\class\tla2sany\StandardModules\TLC.tla
Parsing file C:\lamport\tla\newtools\tla2-inria-workspace\tla2-inria\tlatools\class\tla2sany\StandardModules\Integers.tla
Parsing file C:\lamport\tla\newtools\tla2-inria-workspace\tla2-inria\tlatools\class\tla2sany\StandardModules\Naturals.tla
Parsing file C:\lamport\tla\newtools\tla2-inria-workspace\tla2-inria\tlatools\class\tla2sany\StandardModules\Sequences.tla
Semantic processing of module Naturals
Semantic processing of module Integers
Semantic processing of module CarTalkPuzzle
Semantic processing of module Sequences
Semantic processing of module TLC
Semantic processing of module MC
@!@!@STARTMSG 2219:0 @!@!@
SANY finished.
@!@!@ENDMSG 2219 @!@!@
@!@!@STARTMSG 2185:0 @!@!@
Starting... (2011-10-28 22:57:47)
@!@!@ENDMSG 2185 @!@!@
