@!@!@STARTMSG 2262:0 @!@!@
TLC2 Version 2.03 of 26 May 2010
@!@!@ENDMSG 2262 @!@!@
@!@!@STARTMSG 2187:0 @!@!@
Running in Model-Checking mode.
@!@!@ENDMSG 2187 @!@!@
@!@!@STARTMSG 2220:0 @!@!@
Starting SANY...
@!@!@ENDMSG 2220 @!@!@
Parsing file MC.tla
Parsing file ColorPredicates.tla
Parsing file C:\lamport\tla\newtools\tla2-inria\org.lamport.tla.toolbox\StandardModules\TLC.tla
Parsing file C:\lamport\tla\newtools\tla2-inria\org.lamport.tla.toolbox\StandardModules\Naturals.tla
Parsing file C:\lamport\tla\newtools\tla2-inria\org.lamport.tla.toolbox\StandardModules\FiniteSets.tla
Parsing file C:\lamport\tla\newtools\tla2-inria\org.lamport.tla.toolbox\StandardModules\Sequences.tla
Semantic processing of module Naturals
Semantic processing of module Sequences
Semantic processing of module FiniteSets
Semantic processing of module ColorPredicates
Semantic processing of module TLC
Semantic processing of module MC
@!@!@STARTMSG 2219:0 @!@!@
SANY finished.
@!@!@ENDMSG 2219 @!@!@
@!@!@STARTMSG 2185:0 @!@!@
Starting... (2010-07-01 08:45:55)
@!@!@ENDMSG 2185 @!@!@
<<"$!@$!@$!@$!@$!", <<TRUE, TRUE>>>>
@!@!@STARTMSG 2189:0 @!@!@
Computing initial states...
@!@!@ENDMSG 2189 @!@!@
@!@!@STARTMSG 2190:0 @!@!@
Finished computing initial states: 0 distinct states generated.
@!@!@ENDMSG 2190 @!@!@
@!@!@STARTMSG 2193:0 @!@!@
Model checking completed. No error has been found.
  Estimates of the probability that TLC did not check all reachable states
  because two distinct states had the same fingerprint:
  calculated (optimistic):  val = 0
  based on the actual fingerprints:  val = 1.1E-19
@!@!@ENDMSG 2193 @!@!@
@!@!@STARTMSG 2200:0 @!@!@
Progress(0) at 2010-07-01 08:45:55: 0 states generated, 0 distinct states found, 0 states left on queue.
@!@!@ENDMSG 2200 @!@!@
@!@!@STARTMSG 2199:0 @!@!@
0 states generated, 0 distinct states found, 0 states left on queue.
@!@!@ENDMSG 2199 @!@!@
@!@!@STARTMSG 2194:0 @!@!@
The depth of the complete state graph search is 0.
@!@!@ENDMSG 2194 @!@!@
@!@!@STARTMSG 2186:0 @!@!@
Finished. (2010-07-01 08:45:55)
@!@!@ENDMSG 2186 @!@!@
